<?xml version="1.0" encoding="UTF-8"?>
<!-- Generated by org.testng.reporters.JUnitXMLReporter -->
<testsuite hostname="DESKTOP-I8ANQG5" ignored="0" name="Test2" tests="1" failures="1" timestamp="11 Mar 2018 22:50:54 GMT" time="17.807" errors="0">
  <testcase name="verifyRegistrationSeccessful" time="6.212" classname="pageObjects.project.registration.TC002_verifyRegistrationFailed">
    <failure type="java.lang.AssertionError" message="expected [true] but found [false]">
      <![CDATA[java.lang.AssertionError: expected [true] but found [false]
	at pageObjects.project.registration.TC002_verifyRegistrationFailed.verifyRegistrationSeccessful(TC002_verifyRegistrationFailed.java:43)
... Removed 29 stack frames]]>
    </failure>
  </testcase> <!-- verifyRegistrationSeccessful -->
</testsuite> <!-- Test2 -->
