<?xml version="1.0" encoding="UTF-8"?>
<!-- Generated by org.testng.reporters.JUnitXMLReporter -->
<testsuite hostname="DESKTOP-I8ANQG5" ignored="0" name="Test" tests="9" failures="0" timestamp="11 Mar 2018 05:43:54 GMT" time="49.94" errors="0">
  <testcase name="verifyRegistrationSeccessful" time="6.035" classname="pageObjects.project.registration.TC002_verifyRegistrationFailed"/>
  <testcase name="verifyLoginWithInvalidCradentials" time="6.519" classname="pageObjects.project.homepage.TC001_verifyLoginWithInvalidCredentials"/>
  <testcase name="verifyLoginWithInvalidCradentials" time="0.001" classname="pageObjects.project.homepage.TC001_verifyLoginWithInvalidCredentials">
    <skipped/>
  </testcase> <!-- verifyLoginWithInvalidCradentials -->
  <testcase name="verifyLoginWithInvalidCradentials" time="0.0" classname="pageObjects.project.homepage.TC001_verifyLoginWithInvalidCredentials">
    <skipped/>
  </testcase> <!-- verifyLoginWithInvalidCradentials -->
  <testcase name="verifyLoginWithInvalidCradentials" time="0.0" classname="pageObjects.project.homepage.TC001_verifyLoginWithInvalidCredentials">
    <skipped/>
  </testcase> <!-- verifyLoginWithInvalidCradentials -->
  <testcase name="verifyLoginWithInvalidCradentials" time="6.186" classname="pageObjects.project.homepage.TC001_verifyLoginWithInvalidCredentials"/>
  <testcase name="verifyLoginWithInvalidCradentials" time="0.0" classname="pageObjects.project.homepage.TC001_verifyLoginWithInvalidCredentials">
    <skipped/>
  </testcase> <!-- verifyLoginWithInvalidCradentials -->
  <testcase name="verifyLoginWithInvalidCradentials" time="0.0" classname="pageObjects.project.homepage.TC001_verifyLoginWithInvalidCredentials">
    <skipped/>
  </testcase> <!-- verifyLoginWithInvalidCradentials -->
  <testcase name="verifyLoginWithInvalidCradentials" time="5.15" classname="pageObjects.project.homepage.TC001_verifyLoginWithInvalidCredentials"/>
</testsuite> <!-- Test -->
